<?xml version="1.0" encoding="UTF-8"?>
<!-- Generated by org.testng.reporters.JUnitReportReporter -->
<testsuite hostname="DESKTOP-VCRLJ5I" failures="0" tests="1" name="com.validations.LoginValidations" time="1.836" errors="0" timestamp="2023-04-08T18:27:10 IST" skipped="0">
  <testcase classname="com.validations.LoginValidations" name="loginFunctionality" time="1.836"/>
  <system-out/>
</testsuite> <!-- com.validations.LoginValidations -->
