<?xml version="1.0" encoding="UTF-8"?>
<!-- Generated by org.testng.reporters.JUnitReportReporter -->
<testsuite hostname="DESKTOP-VCRLJ5I" failures="0" tests="1" name="com.validations.AddEmployeeWithLoginDetails" time="13.509" errors="0" timestamp="2023-04-10T15:14:04 IST" skipped="0">
  <testcase classname="com.validations.AddEmployeeWithLoginDetails" name="addEmployee" time="13.509"/>
  <system-out/>
</testsuite> <!-- com.validations.AddEmployeeWithLoginDetails -->
