<?xml version="1.0" encoding="UTF-8"?>
<!-- Generated by org.testng.reporters.JUnitReportReporter -->
<testsuite hostname="DESKTOP-VCRLJ5I" failures="0" tests="2" name="com.validations.E2EActionsOnReports" time="44.977" errors="0" timestamp="2023-04-10T21:02:46 IST" skipped="0">
  <testcase classname="com.validations.E2EActionsOnReports" name="searchPIMModule" time="1.599"/>
  <system-out/>
  <testcase classname="com.validations.E2EActionsOnReports" name="addReports" time="43.378"/>
  <system-out/>
</testsuite> <!-- com.validations.E2EActionsOnReports -->
