<?xml version="1.0" encoding="UTF-8"?>
<!-- Generated by org.testng.reporters.JUnitReportReporter -->
<testsuite hostname="DESKTOP-VCRLJ5I" failures="0" tests="1" name="com.validations.SearchValidation" time="1.782" errors="0" timestamp="2023-04-10T08:27:27 IST" skipped="0">
  <testcase classname="com.validations.SearchValidation" name="search" time="1.782"/>
  <system-out/>
</testsuite> <!-- com.validations.SearchValidation -->
