<?xml version="1.0" encoding="UTF-8"?>
<!-- Generated by org.testng.reporters.JUnitReportReporter -->
<testsuite hostname="DESKTOP-VCRLJ5I" failures="0" tests="1" name="com.validations.AddEmployeeWithoutLoginDetails" time="4.337" errors="0" timestamp="2023-04-09T19:52:59 IST" skipped="0">
  <testcase classname="com.validations.AddEmployeeWithoutLoginDetails" name="addEmployee" time="4.337"/>
  <system-out/>
</testsuite> <!-- com.validations.AddEmployeeWithoutLoginDetails -->
