<?xml version="1.0" encoding="UTF-8"?>
<!-- Generated by org.testng.reporters.JUnitReportReporter -->
<testsuite hostname="DESKTOP-VCRLJ5I" failures="0" tests="1" name="com.validations.LoginValidation" time="12.727" errors="0" timestamp="2023-04-09T17:22:06 IST" skipped="0">
  <testcase classname="com.validations.LoginValidation" name="loginFunctionality" time="12.727"/>
  <system-out/>
</testsuite> <!-- com.validations.LoginValidation -->
