<?xml version="1.0" encoding="UTF-8"?>
<!-- Generated by org.testng.reporters.JUnitReportReporter -->
<testsuite hostname="DESKTOP-VCRLJ5I" failures="0" tests="1" name="com.validations.LoginPageValidations" time="1.994" errors="0" timestamp="2023-04-08T17:58:07 IST" skipped="0">
  <testcase classname="com.validations.LoginPageValidations" name="loginFunctionality" time="1.994"/>
  <system-out/>
</testsuite> <!-- com.validations.LoginPageValidations -->
