<?xml version="1.0" encoding="UTF-8"?>
<!-- Generated by org.testng.reporters.JUnitReportReporter -->
<testsuite hostname="DESKTOP-VCRLJ5I" failures="0" tests="2" name="com.validations.E2EActionsOnConfiguration" time="23.766" errors="0" timestamp="2023-04-10T22:51:16 IST" skipped="0">
  <testcase classname="com.validations.E2EActionsOnConfiguration" name="searchPIMModule" time="2.455"/>
  <system-out/>
  <testcase classname="com.validations.E2EActionsOnConfiguration" name="actionOnConfiguration" time="21.311"/>
  <system-out/>
</testsuite> <!-- com.validations.E2EActionsOnConfiguration -->
